<?xml version="1.0" encoding="UTF-8"?>
<!-- Generated by org.testng.reporters.JUnitXMLReporter -->
<testsuite ignored="1" hostname="DESKTOP-1TSH4F5" failures="0" tests="3" name="Command line test" time="60.337" errors="0" timestamp="2023-10-30T21:02:22 TRT">
  <testcase classname="TestClass.BoynerE2ETest" name="searchProductOnHomePage" time="35.156"/>
  <testcase classname="TestClass.BoynerE2ETest" name="filterProductDetails" time="7.074"/>
  <testcase classname="TestClass.BoynerE2ETest" name="selectFilteredProduct" time="13.863"/>
  <testcase classname="TestManager.BaseTest" name="@BeforeTest setUp" time="0.0">
    <ignored/>
  </testcase> <!-- @BeforeTest setUp -->
</testsuite> <!-- Command line test -->
