<?xml version="1.0" encoding="UTF-8"?>
<testng-results ignored="1" total="4" passed="3" failed="0" skipped="0">
  <reporter-output>
  </reporter-output>
  <suite started-at="2023-10-30T21:01:21 TRT" name="Command line suite" finished-at="2023-10-30T21:02:22 TRT" duration-ms="60337">
    <groups>
    </groups>
    <test started-at="2023-10-30T21:01:21 TRT" name="Command line test" finished-at="2023-10-30T21:02:22 TRT" duration-ms="60337">
      <class name="TestClass.BoynerE2ETest">
        <test-method is-config="true" signature="setUp(java.lang.String)[pri:0, instance:TestClass.BoynerE2ETest@6107227e]" started-at="2023-10-30T21:01:22 TRT" name="setUp" finished-at="2023-10-30T21:01:26 TRT" duration-ms="3990" status="PASS">
          <params>
            <param index="0">
              <value>
                <![CDATA[chrome]]>
              </value>
            </param>
          </params>
          <reporter-output>
          </reporter-output>
        </test-method> <!-- setUp -->
        <test-method signature="searchProductOnHomePage()[pri:1, instance:TestClass.BoynerE2ETest@6107227e]" started-at="2023-10-30T21:01:26 TRT" name="searchProductOnHomePage" description="Search Product on Searchbar" finished-at="2023-10-30T21:02:01 TRT" duration-ms="35156" status="PASS">
          <reporter-output>
          </reporter-output>
        </test-method> <!-- searchProductOnHomePage -->
        <test-method signature="filterProductDetails()[pri:2, instance:TestClass.BoynerE2ETest@6107227e]" started-at="2023-10-30T21:02:01 TRT" name="filterProductDetails" description="Filter product for needs" finished-at="2023-10-30T21:02:08 TRT" depends-on-methods="TestClass.BoynerE2ETest.searchProductOnHomePage" duration-ms="7074" status="PASS">
          <reporter-output>
          </reporter-output>
        </test-method> <!-- filterProductDetails -->
        <test-method signature="selectFilteredProduct()[pri:3, instance:TestClass.BoynerE2ETest@6107227e]" started-at="2023-10-30T21:02:08 TRT" name="selectFilteredProduct" description="Pick filtered product" finished-at="2023-10-30T21:02:22 TRT" depends-on-methods="TestClass.BoynerE2ETest.filterProductDetails" duration-ms="13863" status="PASS">
          <reporter-output>
          </reporter-output>
        </test-method> <!-- selectFilteredProduct -->
      </class> <!-- TestClass.BoynerE2ETest -->
    </test> <!-- Command line test -->
  </suite> <!-- Command line suite -->
</testng-results>
